Using pre-set license
Built from '2020.2/release' branch; Version is '2020.2.4f1 (becced5a802b) revision 12504301'; Using compiler version '192528614'; Build Type 'Release'
OS: 'Windows 10 Home; OS build 19041.867; Version 2004; 64bit' Language: 'en' Physical Memory: 16330 MB
BatchMode: 1, IsHumanControllingUs: 0, StartBugReporterOnCrash: 0, Is64bit: 1, IsPro: 0

 COMMAND LINE ARGUMENTS:
C:\Program Files\Unity\Hub\Editor\2020.2.4f1\Editor\Unity.exe
-adb2
-batchMode
-noUpm
-name
AssetImportWorker0
-projectPath
C:/Users/ulviz/repository/unity projects/Kup_Atlama_Bulmaca/Kup_Atlama_Bulmaca/Kup Atlama Bulmaca
-logFile
Logs/AssetImportWorker0.log
-srvPort
7243
Successfully changed project path to: C:/Users/ulviz/repository/unity projects/Kup_Atlama_Bulmaca/Kup_Atlama_Bulmaca/Kup Atlama Bulmaca
C:/Users/ulviz/repository/unity projects/Kup_Atlama_Bulmaca/Kup_Atlama_Bulmaca/Kup Atlama Bulmaca
Using Asset Import Pipeline V2.
Refreshing native plugins compatible for Editor in 43.76 ms, found 0 plugins.
Preloading 0 native plugins for Editor in 0.00 ms.
Initialize engine version: 2020.2.4f1 (becced5a802b)
[Subsystems] Discovering subsystems at path C:/Program Files/Unity/Hub/Editor/2020.2.4f1/Editor/Data/Resources/UnitySubsystems
[Subsystems] Discovering subsystems at path C:/Users/ulviz/repository/unity projects/Kup_Atlama_Bulmaca/Kup_Atlama_Bulmaca/Kup Atlama Bulmaca/Assets
GfxDevice: creating device client; threaded=0
Direct3D:
    Version:  Direct3D 11.0 [level 11.1]
    Renderer: NVIDIA GeForce GTX 1070 (ID=0x1b81)
    Vendor:   
    VRAM:     8088 MB
    Driver:   27.21.14.6079
Initialize mono
Mono path[0] = 'C:/Program Files/Unity/Hub/Editor/2020.2.4f1/Editor/Data/Managed'
Mono path[1] = 'C:/Program Files/Unity/Hub/Editor/2020.2.4f1/Editor/Data/MonoBleedingEdge/lib/mono/unityjit'
Mono config path = 'C:/Program Files/Unity/Hub/Editor/2020.2.4f1/Editor/Data/MonoBleedingEdge/etc'
Using monoOptions --debugger-agent=transport=dt_socket,embedding=1,server=y,suspend=n,address=127.0.0.1:56348
Begin MonoManager ReloadAssembly
Registering precompiled unity dll's ...
Register platform support module: C:/Program Files/Unity/Hub/Editor/2020.2.4f1/Editor/Data/PlaybackEngines/WebGLSupport/UnityEditor.WebGL.Extensions.dll
Register platform support module: C:/Program Files/Unity/Hub/Editor/2020.2.4f1/Editor/Data/PlaybackEngines/WindowsStandaloneSupport/UnityEditor.WindowsStandalone.Extensions.dll
Registered in 0.173771 seconds.
Native extension for WindowsStandalone target not found
Native extension for WebGL target not found
Refreshing native plugins compatible for Editor in 26.98 ms, found 0 plugins.
Preloading 0 native plugins for Editor in 0.00 ms.
Invoked RoslynAnalysisRunner static constructor.
RoslynAnalysisRunner will not be running.
RoslynAnalysisRunner has terminated.
Mono: successfully reloaded assembly
- Completed reload, in  4.547 seconds
Platform modules already initialized, skipping
Registering precompiled user dll's ...
Registered in 0.264832 seconds.
Begin MonoManager ReloadAssembly
Native extension for WindowsStandalone target not found
Native extension for WebGL target not found
Refreshing native plugins compatible for Editor in 0.99 ms, found 0 plugins.
Preloading 0 native plugins for Editor in 0.00 ms.
Invoked RoslynAnalysisRunner static constructor.
RoslynAnalysisRunner will not be running.
RoslynAnalysisRunner has terminated.
Mono: successfully reloaded assembly
- Completed reload, in  1.037 seconds
Platform modules already initialized, skipping
========================================================================
Worker process is ready to serve import requests
Launched and connected shader compiler UnityShaderCompiler.exe after 0.05 seconds
Refreshing native plugins compatible for Editor in 0.98 ms, found 0 plugins.
Preloading 0 native plugins for Editor in 0.00 ms.
Unloading 1283 Unused Serialized files (Serialized files now loaded: 0)
System memory in use before: 84.6 MB.
System memory in use after: 84.6 MB.

Unloading 76 unused Assets to reduce memory usage. Loaded Objects now: 1708.
Total: 2.639500 ms (FindLiveObjects: 0.263300 ms CreateObjectMapping: 0.095300 ms MarkObjects: 2.161800 ms  DeleteObjects: 0.117700 ms)

========================================================================
Received Import Request.
  path: Assets/MusicMixer.mixer
  artifactKey: Guid(3dcf9f1627ee2ec41801eae543221b87) Importer(815301076,1909f56bfc062723c751e8b465ee728b)
Start importing Assets/MusicMixer.mixer using Guid(3dcf9f1627ee2ec41801eae543221b87) Importer(815301076,1909f56bfc062723c751e8b465ee728b)  -> (artifact id: '3e73db658b7a07932edda364265f1917') in 0.058400 seconds
  Import took 0.061750 seconds .

========================================================================
Received Import Request.
  Time since last request: 0.000208 seconds.
  path: Assets/direk.prefab
  artifactKey: Guid(ba558074bb1934e4782358153198ee75) Importer(815301076,1909f56bfc062723c751e8b465ee728b)
Start importing Assets/direk.prefab using Guid(ba558074bb1934e4782358153198ee75) Importer(815301076,1909f56bfc062723c751e8b465ee728b)  -> (artifact id: '5044d60c76666ea91b935dfc6c77fcf0') in 1.095493 seconds
  Import took 1.101013 seconds .

========================================================================
Received Import Request.
  Time since last request: 0.000260 seconds.
  path: Assets/WinPad Variant.prefab
  artifactKey: Guid(a842bff600060064eacdf0d87790e72b) Importer(815301076,1909f56bfc062723c751e8b465ee728b)
Start importing Assets/WinPad Variant.prefab using Guid(a842bff600060064eacdf0d87790e72b) Importer(815301076,1909f56bfc062723c751e8b465ee728b)  -> (artifact id: '5bad7b7ab2905a8560cd478bae12a071') in 0.008714 seconds
  Import took 0.010645 seconds .

========================================================================
Received Import Request.
  Time since last request: 0.000168 seconds.
  path: Assets/Success Particles.prefab
  artifactKey: Guid(62198a3a5dbb64a4f9e1618929224faa) Importer(815301076,1909f56bfc062723c751e8b465ee728b)
Start importing Assets/Success Particles.prefab using Guid(62198a3a5dbb64a4f9e1618929224faa) Importer(815301076,1909f56bfc062723c751e8b465ee728b)  -> (artifact id: '6c1a4e0f86bc59a3274a1f003613a7bd') in 0.010796 seconds
  Import took 0.013042 seconds .

========================================================================
Received Import Request.
  Time since last request: 0.000249 seconds.
  path: Assets/demet-akalin-calkala.mp3
  artifactKey: Guid(cfb22c3b89cd46749b3244f6c0eb0319) Importer(815301076,1909f56bfc062723c751e8b465ee728b)
Start importing Assets/demet-akalin-calkala.mp3 using Guid(cfb22c3b89cd46749b3244f6c0eb0319) Importer(815301076,1909f56bfc062723c751e8b465ee728b)  -> (artifact id: 'c3c3ccc3296284893712d6b6b0a1a99f') in 0.088251 seconds
  Import took 0.090615 seconds .

========================================================================
Received Import Request.
  Time since last request: 0.000187 seconds.
  path: Assets/EventCanvas.prefab
  artifactKey: Guid(6ce6978cee0ea4148acb28b8ce907889) Importer(815301076,1909f56bfc062723c751e8b465ee728b)
Start importing Assets/EventCanvas.prefab using Guid(6ce6978cee0ea4148acb28b8ce907889) Importer(815301076,1909f56bfc062723c751e8b465ee728b)  -> (artifact id: '679c2c6bb50f29cca00324b3084be029') in 0.082124 seconds
  Import took 0.084413 seconds .

========================================================================
Received Import Request.
  Time since last request: 0.000200 seconds.
  path: Assets/Fail.mp3
  artifactKey: Guid(607c6514b47c38548ae709c00f9562e4) Importer(815301076,1909f56bfc062723c751e8b465ee728b)
Start importing Assets/Fail.mp3 using Guid(607c6514b47c38548ae709c00f9562e4) Importer(815301076,1909f56bfc062723c751e8b465ee728b)  -> (artifact id: '1993f6683c5ee96c6a7436571b562ba8') in 0.016362 seconds
  Import took 0.018479 seconds .

========================================================================
Received Import Request.
  Time since last request: 0.000199 seconds.
  path: Assets/Explosion Particles.prefab
  artifactKey: Guid(ab79a37535b979f48b6de56e3a0a5cb0) Importer(815301076,1909f56bfc062723c751e8b465ee728b)
Start importing Assets/Explosion Particles.prefab using Guid(ab79a37535b979f48b6de56e3a0a5cb0) Importer(815301076,1909f56bfc062723c751e8b465ee728b)  -> (artifact id: 'd38e2dee36df8a5b1b4869ee47310240') in 0.009475 seconds
  Import took 0.011514 seconds .

========================================================================
Received Import Request.
  Time since last request: 0.000193 seconds.
  path: Assets/flag.prefab
  artifactKey: Guid(d3a1b8799c197a54db64809166957606) Importer(815301076,1909f56bfc062723c751e8b465ee728b)
Start importing Assets/flag.prefab using Guid(d3a1b8799c197a54db64809166957606) Importer(815301076,1909f56bfc062723c751e8b465ee728b)  -> (artifact id: 'eaf420da95f85c1d211d4ab3737e8131') in 0.306787 seconds
  Import took 0.311296 seconds .

========================================================================
Received Import Request.
  Time since last request: 0.000200 seconds.
  path: Assets/Win.wav
  artifactKey: Guid(610def354b206a4458ff24543e4b5248) Importer(815301076,1909f56bfc062723c751e8b465ee728b)
Start importing Assets/Win.wav using Guid(610def354b206a4458ff24543e4b5248) Importer(815301076,1909f56bfc062723c751e8b465ee728b)  -> (artifact id: 'b8b898f7e06de32c126eccd91216aee6') in 0.016952 seconds
  Import took 0.019092 seconds .

========================================================================
Received Import Request.
  Time since last request: 0.000180 seconds.
  path: Assets/WinPad.prefab
  artifactKey: Guid(b76a1bd4c862acf4a9046517552c255e) Importer(815301076,1909f56bfc062723c751e8b465ee728b)
Start importing Assets/WinPad.prefab using Guid(b76a1bd4c862acf4a9046517552c255e) Importer(815301076,1909f56bfc062723c751e8b465ee728b)  -> (artifact id: '58f35762d33b37c1f37cefdc7336c59a') in 0.205730 seconds
  Import took 0.209736 seconds .

========================================================================
Received Import Request.
  Time since last request: 23.412271 seconds.
  path: Assets/Animasyon
  artifactKey: Guid(bd69a2e9557936348b4c44223dcc7727) Importer(815301076,1909f56bfc062723c751e8b465ee728b)
Start importing Assets/Animasyon using Guid(bd69a2e9557936348b4c44223dcc7727) Importer(815301076,1909f56bfc062723c751e8b465ee728b)  -> (artifact id: '27b0ccccba6f2a63c3b216089e3d5d73') in 0.006757 seconds
  Import took 0.008599 seconds .

========================================================================
Received Import Request.
  Time since last request: 0.005838 seconds.
  path: Assets/Animasyon
  artifactKey: Guid(bd69a2e9557936348b4c44223dcc7727) Importer(815301076,1909f56bfc062723c751e8b465ee728b)
Start importing Assets/Animasyon using Guid(bd69a2e9557936348b4c44223dcc7727) Importer(815301076,1909f56bfc062723c751e8b465ee728b)  -> (artifact id: '27b0ccccba6f2a63c3b216089e3d5d73') in 0.003133 seconds
  Import took 0.005059 seconds .

========================================================================
Received Import Request.
  Time since last request: 4.132086 seconds.
  path: Assets/Bolumler
  artifactKey: Guid(3494d2f6638bca04c815a977daba9219) Importer(815301076,1909f56bfc062723c751e8b465ee728b)
Start importing Assets/Bolumler using Guid(3494d2f6638bca04c815a977daba9219) Importer(815301076,1909f56bfc062723c751e8b465ee728b)  -> (artifact id: '8bad3a04fd33c5dffda0ce3bae0eac5e') in 0.007190 seconds
  Import took 0.008925 seconds .

========================================================================
Received Import Request.
  Time since last request: 0.074843 seconds.
  path: Assets/Bolumler/menug.png
  artifactKey: Guid(aa63f9b9cf5f72f418c31f300ec58680) Importer(815301076,1909f56bfc062723c751e8b465ee728b)
Start importing Assets/Bolumler/menug.png using Guid(aa63f9b9cf5f72f418c31f300ec58680) Importer(815301076,1909f56bfc062723c751e8b465ee728b)  -> (artifact id: '20c94456b33fcc34ca241fc5ef69d91a') in 0.048595 seconds
  Import took 0.050620 seconds .

========================================================================
Received Import Request.
  Time since last request: 0.000375 seconds.
  path: Assets/Bolumler/XLevel1.png
  artifactKey: Guid(ecbe8defe08196643a4a657e0902493d) Importer(815301076,1909f56bfc062723c751e8b465ee728b)
Start importing Assets/Bolumler/XLevel1.png using Guid(ecbe8defe08196643a4a657e0902493d) Importer(815301076,1909f56bfc062723c751e8b465ee728b)  -> (artifact id: 'a08c0cf73ce4e9c8cd7890f3427c7207') in 0.027641 seconds
  Import took 0.029544 seconds .

========================================================================
Received Import Request.
  Time since last request: 0.000276 seconds.
  path: Assets/Bolumler/SBLevel3.mat
  artifactKey: Guid(05f78f8726ee5d54a89b6f6530e70eec) Importer(815301076,1909f56bfc062723c751e8b465ee728b)
Start importing Assets/Bolumler/SBLevel3.mat using Guid(05f78f8726ee5d54a89b6f6530e70eec) Importer(815301076,1909f56bfc062723c751e8b465ee728b)  -> (artifact id: '377ebf46930c47f4dc4b98363549a081') in 0.039577 seconds
  Import took 0.041627 seconds .

========================================================================
Received Import Request.
  Time since last request: 0.000382 seconds.
  path: Assets/Bolumler/XLevel3.png
  artifactKey: Guid(ae058714bc271014da32269c9c6d207e) Importer(815301076,1909f56bfc062723c751e8b465ee728b)
Start importing Assets/Bolumler/XLevel3.png using Guid(ae058714bc271014da32269c9c6d207e) Importer(815301076,1909f56bfc062723c751e8b465ee728b)  -> (artifact id: 'd0d499666b71b7c5d7684d0b176c3d8f') in 0.025239 seconds
  Import took 0.026898 seconds .

========================================================================
Received Import Request.
  Time since last request: 0.000244 seconds.
  path: Assets/Bolumler/SBLevel4.mat
  artifactKey: Guid(212afd8e19432d144a6566d36665d897) Importer(815301076,1909f56bfc062723c751e8b465ee728b)
Start importing Assets/Bolumler/SBLevel4.mat using Guid(212afd8e19432d144a6566d36665d897) Importer(815301076,1909f56bfc062723c751e8b465ee728b)  -> (artifact id: '1a4659ef52df04786956868aa41ecac0') in 0.020322 seconds
  Import took 0.022056 seconds .

========================================================================
Received Import Request.
  Time since last request: 0.000347 seconds.
  path: Assets/Bolumler/SBLevel2.mat
  artifactKey: Guid(d5f83bd3af9e44345b853027c9feeebf) Importer(815301076,1909f56bfc062723c751e8b465ee728b)
Start importing Assets/Bolumler/SBLevel2.mat using Guid(d5f83bd3af9e44345b853027c9feeebf) Importer(815301076,1909f56bfc062723c751e8b465ee728b)  -> (artifact id: 'c502b62af0cea7130550a14f8be818a7') in 0.023014 seconds
  Import took 0.025196 seconds .

========================================================================
Received Import Request.
  Time since last request: 0.000285 seconds.
  path: Assets/Bolumler/SBLevel4.mat
  artifactKey: Guid(212afd8e19432d144a6566d36665d897) Importer(815301076,1909f56bfc062723c751e8b465ee728b)
Start importing Assets/Bolumler/SBLevel4.mat using Guid(212afd8e19432d144a6566d36665d897) Importer(815301076,1909f56bfc062723c751e8b465ee728b)  -> (artifact id: '1a4659ef52df04786956868aa41ecac0') in 0.017510 seconds
  Import took 0.019454 seconds .

========================================================================
Received Import Request.
  Time since last request: 0.000292 seconds.
  path: Assets/Bolumler/XLevel2.png
  artifactKey: Guid(b1346aec73f31c348bad09386af49117) Importer(815301076,1909f56bfc062723c751e8b465ee728b)
Start importing Assets/Bolumler/XLevel2.png using Guid(b1346aec73f31c348bad09386af49117) Importer(815301076,1909f56bfc062723c751e8b465ee728b)  -> (artifact id: '4d6d85c8f53e235947109156758bf5aa') in 0.026246 seconds
  Import took 0.028517 seconds .

========================================================================
Received Import Request.
  Time since last request: 0.000280 seconds.
  path: Assets/Bolumler/XMenu.jpg
  artifactKey: Guid(e307aa7350810c04ea3a483dc63e00f0) Importer(815301076,1909f56bfc062723c751e8b465ee728b)
Start importing Assets/Bolumler/XMenu.jpg using Guid(e307aa7350810c04ea3a483dc63e00f0) Importer(815301076,1909f56bfc062723c751e8b465ee728b)  -> (artifact id: '50ca1363af872dbf9e4f96ca55ba3d7c') in 0.056345 seconds
  Import took 0.058255 seconds .

========================================================================
Received Import Request.
  Time since last request: 0.000258 seconds.
  path: Assets/Bolumler/XLevel4.png
  artifactKey: Guid(e6993071d4474634cb676548061607b9) Importer(815301076,1909f56bfc062723c751e8b465ee728b)
Start importing Assets/Bolumler/XLevel4.png using Guid(e6993071d4474634cb676548061607b9) Importer(815301076,1909f56bfc062723c751e8b465ee728b)  -> (artifact id: '6d86a5dc9b29662c2eb709b16dca0181') in 0.027615 seconds
  Import took 0.029361 seconds .

========================================================================
Received Import Request.
  Time since last request: 0.000357 seconds.
  path: Assets/Bolumler/SBLevel1.mat
  artifactKey: Guid(b04a7b3f3f791a84299a27c5c923600a) Importer(815301076,1909f56bfc062723c751e8b465ee728b)
Start importing Assets/Bolumler/SBLevel1.mat using Guid(b04a7b3f3f791a84299a27c5c923600a) Importer(815301076,1909f56bfc062723c751e8b465ee728b)  -> (artifact id: '12479f61409eafa4e0ab7dfd36f4817f') in 0.030695 seconds
  Import took 0.032470 seconds .

========================================================================
Received Import Request.
  Time since last request: 0.790617 seconds.
  path: Assets/Bolumler/Level1.unity
  artifactKey: Guid(9fc0d4010bbf28b4594072e72b8655ab) Importer(815301076,1909f56bfc062723c751e8b465ee728b)
Start importing Assets/Bolumler/Level1.unity using Guid(9fc0d4010bbf28b4594072e72b8655ab) Importer(815301076,1909f56bfc062723c751e8b465ee728b)  -> (artifact id: '0f584a4653fef08818f7aa28da06ff25') in 0.008561 seconds
  Import took 0.010344 seconds .

========================================================================
Received Import Request.
  Time since last request: 0.417271 seconds.
  path: Assets/Bolumler/Level2Settings.lighting
  artifactKey: Guid(178c0673bb7bc94498c7b3f12ad06441) Importer(815301076,1909f56bfc062723c751e8b465ee728b)
Start importing Assets/Bolumler/Level2Settings.lighting using Guid(178c0673bb7bc94498c7b3f12ad06441) Importer(815301076,1909f56bfc062723c751e8b465ee728b)  -> (artifact id: '67b0210a0a932bd6e578e6dd369de8e4') in 0.007934 seconds
  Import took 0.009844 seconds .

========================================================================
Received Import Request.
  Time since last request: 1.280107 seconds.
  path: Assets/Bolumler/Level2Settings.lighting
  artifactKey: Guid(178c0673bb7bc94498c7b3f12ad06441) Importer(815301076,1909f56bfc062723c751e8b465ee728b)
Start importing Assets/Bolumler/Level2Settings.lighting using Guid(178c0673bb7bc94498c7b3f12ad06441) Importer(815301076,1909f56bfc062723c751e8b465ee728b)  -> (artifact id: '67b0210a0a932bd6e578e6dd369de8e4') in 0.003622 seconds
  Import took 0.005669 seconds .

========================================================================
Received Import Request.
  Time since last request: 0.159841 seconds.
  path: Assets/Bolumler/Level2.unity
  artifactKey: Guid(9e7b0f91f03653d458b1ac5d65c6b4d0) Importer(815301076,1909f56bfc062723c751e8b465ee728b)
Start importing Assets/Bolumler/Level2.unity using Guid(9e7b0f91f03653d458b1ac5d65c6b4d0) Importer(815301076,1909f56bfc062723c751e8b465ee728b)  -> (artifact id: '81a50d0c51f00531bbf56e569f2d3c53') in 0.008318 seconds
  Import took 0.010219 seconds .

========================================================================
Received Import Request.
  Time since last request: 31.560603 seconds.
  path: Assets/FlagPole
  artifactKey: Guid(1a309e2d40dc2d942a0eda3869f44a59) Importer(815301076,1909f56bfc062723c751e8b465ee728b)
Start importing Assets/FlagPole using Guid(1a309e2d40dc2d942a0eda3869f44a59) Importer(815301076,1909f56bfc062723c751e8b465ee728b)  -> (artifact id: '67b1de4ecd05479f98b0fc11f16edf93') in 0.007005 seconds
  Import took 0.008770 seconds .

========================================================================
Received Import Request.
  Time since last request: 0.360917 seconds.
  path: Assets/GoogleMobileAds
  artifactKey: Guid(e6d6c8bcba39440abae1c5ccc063c635) Importer(815301076,1909f56bfc062723c751e8b465ee728b)
Start importing Assets/GoogleMobileAds using Guid(e6d6c8bcba39440abae1c5ccc063c635) Importer(815301076,1909f56bfc062723c751e8b465ee728b)  -> (artifact id: 'd470364cfab17e58f3f7bdf87ea80f8a') in 0.007096 seconds
  Import took 0.008876 seconds .

========================================================================
Received Import Request.
  Time since last request: 0.351129 seconds.
  path: Assets/Materials
  artifactKey: Guid(57342d487071612468427b77180729a4) Importer(815301076,1909f56bfc062723c751e8b465ee728b)
Start importing Assets/Materials using Guid(57342d487071612468427b77180729a4) Importer(815301076,1909f56bfc062723c751e8b465ee728b)  -> (artifact id: '2ffd6e14608f42e6e17e909cbe3eab46') in 0.006302 seconds
  Import took 0.008093 seconds .

========================================================================
Received Import Request.
  Time since last request: 0.292513 seconds.
  path: Assets/Materyaller
  artifactKey: Guid(237bd670c72ae0a40b099ba9917b8e90) Importer(815301076,1909f56bfc062723c751e8b465ee728b)
Start importing Assets/Materyaller using Guid(237bd670c72ae0a40b099ba9917b8e90) Importer(815301076,1909f56bfc062723c751e8b465ee728b)  -> (artifact id: '888a1868607b7dbf2bbc4131a2b373b4') in 0.007442 seconds
  Import took 0.009216 seconds .

========================================================================
Received Import Request.
  Time since last request: 0.686712 seconds.
  path: Assets/Racing Flag Animated
  artifactKey: Guid(26f70383098c3064e91999bc5b8f819d) Importer(815301076,1909f56bfc062723c751e8b465ee728b)
Start importing Assets/Racing Flag Animated using Guid(26f70383098c3064e91999bc5b8f819d) Importer(815301076,1909f56bfc062723c751e8b465ee728b)  -> (artifact id: '1947711db5f20d6a895128de2c1e59dd') in 0.008187 seconds
  Import took 0.010225 seconds .

========================================================================
Received Import Request.
  Time since last request: 0.344968 seconds.
  path: Assets/Plugins
  artifactKey: Guid(765d6035ebec93448a1eadfc8050b314) Importer(815301076,1909f56bfc062723c751e8b465ee728b)
Start importing Assets/Plugins using Guid(765d6035ebec93448a1eadfc8050b314) Importer(815301076,1909f56bfc062723c751e8b465ee728b)  -> (artifact id: '3322267de2af570048178cf1aff8752b') in 0.008484 seconds
  Import took 0.010472 seconds .

========================================================================
Received Import Request.
  Time since last request: 1.097994 seconds.
  path: Assets/Scriptler
  artifactKey: Guid(ac539c5f5cc54a846a0692d0a4ba8a29) Importer(815301076,1909f56bfc062723c751e8b465ee728b)
Start importing Assets/Scriptler using Guid(ac539c5f5cc54a846a0692d0a4ba8a29) Importer(815301076,1909f56bfc062723c751e8b465ee728b)  -> (artifact id: 'f9022bcb564702b63897933d37294779') in 0.006573 seconds
  Import took 0.008361 seconds .

========================================================================
Received Import Request.
  Time since last request: 5.612037 seconds.
  path: Assets/Scriptler/CameraScript.cs
  artifactKey: Guid(5c16ec76a281a224a9a7984a0e64c687) Importer(815301076,1909f56bfc062723c751e8b465ee728b)
Start importing Assets/Scriptler/CameraScript.cs using Guid(5c16ec76a281a224a9a7984a0e64c687) Importer(815301076,1909f56bfc062723c751e8b465ee728b)  -> (artifact id: 'bbf3c10a812e1b37d472de15bfb5cbbc') in 0.013888 seconds
  Import took 0.015803 seconds .

========================================================================
Received Import Request.
  Time since last request: 0.599828 seconds.
  path: Assets/Scriptler/KupMesh.cs
  artifactKey: Guid(205f538ebd186d747ad88ee0fe15e5f1) Importer(815301076,1909f56bfc062723c751e8b465ee728b)
Start importing Assets/Scriptler/KupMesh.cs using Guid(205f538ebd186d747ad88ee0fe15e5f1) Importer(815301076,1909f56bfc062723c751e8b465ee728b)  -> (artifact id: '2c3caf860f38d565e01c86f8e6950d99') in 0.009008 seconds
  Import took 0.010783 seconds .

========================================================================
Received Prepare
Registering precompiled user dll's ...
Registered in 0.005122 seconds.
Begin MonoManager ReloadAssembly
Native extension for WindowsStandalone target not found
Native extension for WebGL target not found
Refreshing native plugins compatible for Editor in 0.60 ms, found 0 plugins.
Preloading 0 native plugins for Editor in 0.00 ms.
Invoked RoslynAnalysisRunner static constructor.
RoslynAnalysisRunner will not be running.
RoslynAnalysisRunner has terminated.
Mono: successfully reloaded assembly
- Completed reload, in  0.729 seconds
Platform modules already initialized, skipping
Refreshing native plugins compatible for Editor in 0.67 ms, found 0 plugins.
Preloading 0 native plugins for Editor in 0.00 ms.
Unloading 1264 Unused Serialized files (Serialized files now loaded: 0)
System memory in use before: 87.4 MB.
System memory in use after: 87.4 MB.

Unloading 73 unused Assets to reduce memory usage. Loaded Objects now: 1760.
Total: 1.665900 ms (FindLiveObjects: 0.254200 ms CreateObjectMapping: 0.068900 ms MarkObjects: 1.310200 ms  DeleteObjects: 0.031200 ms)

========================================================================
Received Import Request.
  Time since last request: 8.665174 seconds.
  path: Assets/Scriptler/MenuScript.cs
  artifactKey: Guid(80c0daf83d4fe9a4383d127dceae498e) Importer(815301076,1909f56bfc062723c751e8b465ee728b)
Start importing Assets/Scriptler/MenuScript.cs using Guid(80c0daf83d4fe9a4383d127dceae498e) Importer(815301076,1909f56bfc062723c751e8b465ee728b)  -> (artifact id: 'c9d3689dd58e552fbb0be4dcdf035a69') in 0.008435 seconds
  Import took 0.010260 seconds .

========================================================================
Received Import Request.
  Time since last request: 0.020747 seconds.
  path: Assets/Scriptler/MenuScript.cs
  artifactKey: Guid(80c0daf83d4fe9a4383d127dceae498e) Importer(815301076,1909f56bfc062723c751e8b465ee728b)
Start importing Assets/Scriptler/MenuScript.cs using Guid(80c0daf83d4fe9a4383d127dceae498e) Importer(815301076,1909f56bfc062723c751e8b465ee728b)  -> (artifact id: 'c9d3689dd58e552fbb0be4dcdf035a69') in 0.003603 seconds
  Import took 0.005518 seconds .

========================================================================
Received Import Request.
  Time since last request: 6.225875 seconds.
  path: Assets/Scriptler/Movement.cs
  artifactKey: Guid(7b8d4b43328a4294897dc93c817c3fbf) Importer(815301076,1909f56bfc062723c751e8b465ee728b)
Start importing Assets/Scriptler/Movement.cs using Guid(7b8d4b43328a4294897dc93c817c3fbf) Importer(815301076,1909f56bfc062723c751e8b465ee728b)  -> (artifact id: '18f89a6f748e41472447fbc0e3efeaa9') in 0.006702 seconds
  Import took 0.008944 seconds .

========================================================================
Received Import Request.
  Time since last request: 0.001109 seconds.
  path: Assets/Scriptler/Movement.cs
  artifactKey: Guid(7b8d4b43328a4294897dc93c817c3fbf) Importer(815301076,1909f56bfc062723c751e8b465ee728b)
Start importing Assets/Scriptler/Movement.cs using Guid(7b8d4b43328a4294897dc93c817c3fbf) Importer(815301076,1909f56bfc062723c751e8b465ee728b)  -> (artifact id: '18f89a6f748e41472447fbc0e3efeaa9') in 0.004061 seconds
  Import took 0.006320 seconds .

========================================================================
Received Import Request.
  Time since last request: 12.359119 seconds.
  path: Assets/Scriptler/PauseMenu.cs
  artifactKey: Guid(0de4c9ee4f8197e4a9342c364c87dc21) Importer(815301076,1909f56bfc062723c751e8b465ee728b)
Start importing Assets/Scriptler/PauseMenu.cs using Guid(0de4c9ee4f8197e4a9342c364c87dc21) Importer(815301076,1909f56bfc062723c751e8b465ee728b)  -> (artifact id: 'd2232355a0a056857914c6f955b643cc') in 0.010449 seconds
  Import took 0.012634 seconds .

========================================================================
Received Import Request.
  Time since last request: 3.417098 seconds.
  path: Assets/Scriptler/WinPad.cs
  artifactKey: Guid(009cda4d4ee27cf4c90b4c813ff360df) Importer(815301076,1909f56bfc062723c751e8b465ee728b)
Start importing Assets/Scriptler/WinPad.cs using Guid(009cda4d4ee27cf4c90b4c813ff360df) Importer(815301076,1909f56bfc062723c751e8b465ee728b)  -> (artifact id: '3265c84bd22ce9b363e92970ac9f49a2') in 0.002965 seconds
  Import took 0.005010 seconds .

========================================================================
Received Import Request.
  Time since last request: 0.001211 seconds.
  path: Assets/Scriptler/WinPad.cs
  artifactKey: Guid(009cda4d4ee27cf4c90b4c813ff360df) Importer(815301076,1909f56bfc062723c751e8b465ee728b)
Start importing Assets/Scriptler/WinPad.cs using Guid(009cda4d4ee27cf4c90b4c813ff360df) Importer(815301076,1909f56bfc062723c751e8b465ee728b)  -> (artifact id: '3265c84bd22ce9b363e92970ac9f49a2') in 0.003530 seconds
  Import took 0.005761 seconds .

========================================================================
Received Prepare
Registering precompiled user dll's ...
Registered in 0.003458 seconds.
Begin MonoManager ReloadAssembly
Native extension for WindowsStandalone target not found
Native extension for WebGL target not found
Refreshing native plugins compatible for Editor in 1.26 ms, found 0 plugins.
Preloading 0 native plugins for Editor in 0.00 ms.
Invoked RoslynAnalysisRunner static constructor.
RoslynAnalysisRunner will not be running.
RoslynAnalysisRunner has terminated.
Mono: successfully reloaded assembly
- Completed reload, in  0.804 seconds
Platform modules already initialized, skipping
Refreshing native plugins compatible for Editor in 1.09 ms, found 0 plugins.
Preloading 0 native plugins for Editor in 0.00 ms.
Unloading 1264 Unused Serialized files (Serialized files now loaded: 0)
System memory in use before: 87.4 MB.
System memory in use after: 87.5 MB.

Unloading 71 unused Assets to reduce memory usage. Loaded Objects now: 1762.
Total: 2.088200 ms (FindLiveObjects: 0.162000 ms CreateObjectMapping: 0.047800 ms MarkObjects: 1.837200 ms  DeleteObjects: 0.040100 ms)

========================================================================
Received Import Request.
  Time since last request: 231.084849 seconds.
  path: Assets/Scriptler/WinPad.cs
  artifactKey: Guid(009cda4d4ee27cf4c90b4c813ff360df) Importer(815301076,1909f56bfc062723c751e8b465ee728b)
Start importing Assets/Scriptler/WinPad.cs using Guid(009cda4d4ee27cf4c90b4c813ff360df) Importer(815301076,1909f56bfc062723c751e8b465ee728b)  -> (artifact id: '581a8a714afa8aca55e758828a8bc83c') in 0.009337 seconds
  Import took 0.011207 seconds .

========================================================================
Received Import Request.
  Time since last request: 0.000527 seconds.
  path: Assets/Scriptler/WinPad.cs
  artifactKey: Guid(009cda4d4ee27cf4c90b4c813ff360df) Importer(815301076,1909f56bfc062723c751e8b465ee728b)
Start importing Assets/Scriptler/WinPad.cs using Guid(009cda4d4ee27cf4c90b4c813ff360df) Importer(815301076,1909f56bfc062723c751e8b465ee728b)  -> (artifact id: '581a8a714afa8aca55e758828a8bc83c') in 0.003574 seconds
  Import took 0.005405 seconds .

========================================================================
Received Prepare
Registering precompiled user dll's ...
Registered in 0.003893 seconds.
Begin MonoManager ReloadAssembly
Native extension for WindowsStandalone target not found
Native extension for WebGL target not found
Refreshing native plugins compatible for Editor in 0.66 ms, found 0 plugins.
Preloading 0 native plugins for Editor in 0.00 ms.
Invoked RoslynAnalysisRunner static constructor.
RoslynAnalysisRunner will not be running.
RoslynAnalysisRunner has terminated.
Mono: successfully reloaded assembly
- Completed reload, in  0.786 seconds
Platform modules already initialized, skipping
Refreshing native plugins compatible for Editor in 0.97 ms, found 0 plugins.
Preloading 0 native plugins for Editor in 0.00 ms.
Unloading 1264 Unused Serialized files (Serialized files now loaded: 0)
System memory in use before: 87.4 MB.
System memory in use after: 87.5 MB.

Unloading 71 unused Assets to reduce memory usage. Loaded Objects now: 1764.
Total: 1.829500 ms (FindLiveObjects: 0.269600 ms CreateObjectMapping: 0.086600 ms MarkObjects: 1.438100 ms  DeleteObjects: 0.033400 ms)

========================================================================
Received Prepare
Registering precompiled user dll's ...
Registered in 0.003220 seconds.
Begin MonoManager ReloadAssembly
Native extension for WindowsStandalone target not found
Native extension for WebGL target not found
Refreshing native plugins compatible for Editor in 0.63 ms, found 0 plugins.
Preloading 0 native plugins for Editor in 0.00 ms.
Invoked RoslynAnalysisRunner static constructor.
RoslynAnalysisRunner will not be running.
RoslynAnalysisRunner has terminated.
Mono: successfully reloaded assembly
- Completed reload, in  0.751 seconds
Platform modules already initialized, skipping
Refreshing native plugins compatible for Editor in 0.69 ms, found 0 plugins.
Preloading 0 native plugins for Editor in 0.00 ms.
Unloading 1264 Unused Serialized files (Serialized files now loaded: 0)
System memory in use before: 87.4 MB.
System memory in use after: 87.5 MB.

Unloading 71 unused Assets to reduce memory usage. Loaded Objects now: 1766.
Total: 2.380900 ms (FindLiveObjects: 0.313600 ms CreateObjectMapping: 0.081800 ms MarkObjects: 1.954200 ms  DeleteObjects: 0.030000 ms)

========================================================================
Received Import Request.
  Time since last request: 80.771725 seconds.
  path: Assets/Scriptler/WinPad.cs
  artifactKey: Guid(009cda4d4ee27cf4c90b4c813ff360df) Importer(815301076,1909f56bfc062723c751e8b465ee728b)
Start importing Assets/Scriptler/WinPad.cs using Guid(009cda4d4ee27cf4c90b4c813ff360df) Importer(815301076,1909f56bfc062723c751e8b465ee728b)  -> (artifact id: 'b39d0bdf0091ac8ede59ad55ed8f5667') in 0.005632 seconds
  Import took 0.008581 seconds .

========================================================================
Received Prepare
Registering precompiled user dll's ...
Registered in 0.003128 seconds.
Begin MonoManager ReloadAssembly
Native extension for WindowsStandalone target not found
Native extension for WebGL target not found
Refreshing native plugins compatible for Editor in 0.74 ms, found 0 plugins.
Preloading 0 native plugins for Editor in 0.00 ms.
Invoked RoslynAnalysisRunner static constructor.
RoslynAnalysisRunner will not be running.
RoslynAnalysisRunner has terminated.
Mono: successfully reloaded assembly
- Completed reload, in  0.688 seconds
Platform modules already initialized, skipping
Refreshing native plugins compatible for Editor in 0.74 ms, found 0 plugins.
Preloading 0 native plugins for Editor in 0.00 ms.
Unloading 1264 Unused Serialized files (Serialized files now loaded: 0)
System memory in use before: 87.4 MB.
System memory in use after: 87.5 MB.

Unloading 71 unused Assets to reduce memory usage. Loaded Objects now: 1768.
Total: 1.741700 ms (FindLiveObjects: 0.234000 ms CreateObjectMapping: 0.059800 ms MarkObjects: 1.407700 ms  DeleteObjects: 0.038800 ms)

AssetImportWorkerClient::OnTransportError - code=2 error=End of file
